<?xml version="1.0" encoding="UTF-8"?>
<!-- Generated by org.testng.reporters.JUnitReportReporter -->
<testsuite hostname="PiyushRaj-PC" failures="0" tests="1" name="com.tvs.pgm.threew.mobile.tests.Q_SupportListingTest" time="1.065" errors="0" timestamp="2025-02-19T16:21:22 IST" skipped="0">
  <testcase classname="com.tvs.pgm.threew.mobile.tests.Q_SupportListingTest" name="verifyCreateQueryButtonClicksON_SupportListingScreen" time="1.065"/>
</testsuite> <!-- com.tvs.pgm.threew.mobile.tests.Q_SupportListingTest -->
