<?xml version="1.0" encoding="UTF-8"?>
<!-- Generated by org.testng.reporters.JUnitReportReporter -->
<testsuite hostname="PiyushRaj-PC" failures="0" tests="3" name="com.tvs.pgm.threew.mobile.tests.LoginTest" time="5.110" errors="0" timestamp="2025-02-17T13:17:19 IST" skipped="0">
  <testcase classname="com.tvs.pgm.threew.mobile.tests.LoginTest" name="testTextField" time="0.472"/>
  <testcase classname="com.tvs.pgm.threew.mobile.tests.LoginTest" name="enterMob" time="1.567"/>
  <testcase classname="com.tvs.pgm.threew.mobile.tests.LoginTest" name="clickVerifyNumberButton" time="3.071"/>
</testsuite> <!-- com.tvs.pgm.threew.mobile.tests.LoginTest -->
