<?xml version="1.0" encoding="UTF-8"?>
<!-- Generated by org.testng.reporters.JUnitReportReporter -->
<testsuite hostname="PiyushRaj-PC" failures="0" tests="4" name="com.tvs.pgm.threew.mobile.tests.LoginTest" time="8.960" errors="0" timestamp="2025-02-19T17:47:11 IST" skipped="0">
  <testcase classname="com.tvs.pgm.threew.mobile.tests.LoginTest" name="testTextField" time="1.730"/>
  <testcase classname="com.tvs.pgm.threew.mobile.tests.LoginTest" name="wrongMobileNumber" time="2.967"/>
  <testcase classname="com.tvs.pgm.threew.mobile.tests.LoginTest" name="enterMob" time="2.345"/>
  <testcase classname="com.tvs.pgm.threew.mobile.tests.LoginTest" name="clickVerifyNumberButton" time="1.918"/>
</testsuite> <!-- com.tvs.pgm.threew.mobile.tests.LoginTest -->
