<?xml version="1.0" encoding="UTF-8"?>
<!-- Generated by org.testng.reporters.JUnitReportReporter -->
<testsuite hostname="DESKTOP-QMS5772" failures="0" tests="3" name="com.tvs.pgm.threew.mobile.tests.LoginTest" time="3.466" errors="0" timestamp="2025-02-17T17:01:19 IST" skipped="0">
  <testcase classname="com.tvs.pgm.threew.mobile.tests.LoginTest" name="testTextField" time="1.116"/>
  <testcase classname="com.tvs.pgm.threew.mobile.tests.LoginTest" name="enterMob" time="1.295"/>
  <testcase classname="com.tvs.pgm.threew.mobile.tests.LoginTest" name="clickVerifyNumberButton" time="1.055"/>
</testsuite> <!-- com.tvs.pgm.threew.mobile.tests.LoginTest -->
