<?xml version="1.0" encoding="UTF-8"?>
<!-- Generated by org.testng.reporters.JUnitReportReporter -->
<testsuite hostname="DESKTOP-QMS5772" failures="0" tests="2" name="com.tvs.pgm.threew.mobile.tests.OTPTest" time="5.853" errors="0" timestamp="2025-02-17T17:01:19 IST" skipped="0">
  <testcase classname="com.tvs.pgm.threew.mobile.tests.OTPTest" name="verifyOTPEnteredSuccess" time="4.812"/>
  <testcase classname="com.tvs.pgm.threew.mobile.tests.OTPTest" name="VerifyOTPSubmitSuccess" time="1.041"/>
</testsuite> <!-- com.tvs.pgm.threew.mobile.tests.OTPTest -->
