<?xml version="1.0" encoding="UTF-8"?>
<!-- Generated by org.testng.reporters.JUnitReportReporter -->
<testsuite hostname="DESKTOP-QMS5772" failures="0" tests="3" name="com.tvs.pgm.threew.mobile.tests.OTPTest" time="12.944" errors="0" timestamp="2025-02-19T13:48:24 IST" skipped="0">
  <testcase classname="com.tvs.pgm.threew.mobile.tests.OTPTest" name="VerifyWithlessThanFiveDigit" time="7.622"/>
  <testcase classname="com.tvs.pgm.threew.mobile.tests.OTPTest" name="verifyOTPEnteredSuccess" time="3.805"/>
  <testcase classname="com.tvs.pgm.threew.mobile.tests.OTPTest" name="VerifyOTPSubmitSuccess" time="1.517"/>
</testsuite> <!-- com.tvs.pgm.threew.mobile.tests.OTPTest -->
