<?xml version="1.0" encoding="UTF-8"?>
<!-- Generated by org.testng.reporters.JUnitReportReporter -->
<testsuite hostname="PiyushRaj-PC" failures="0" tests="4" name="com.tvs.pgm.threew.mobile.tests.SupportTest" time="14.389" errors="0" timestamp="2025-02-19T16:21:22 IST" skipped="1">
  <testcase classname="com.tvs.pgm.threew.mobile.tests.SupportTest" name="verifyBackArrowVisibleOnSupportScreeen" time="0.847"/>
  <testcase classname="com.tvs.pgm.threew.mobile.tests.SupportTest" name="verifyErrorMesage_Without_TitleAndDescritpion" time="3.412"/>
  <testcase classname="com.tvs.pgm.threew.mobile.tests.SupportTest" name="verifyQueryCreatedSuccessfully" time="10.130"/>
  <testcase classname="com.tvs.pgm.threew.mobile.tests.SupportTest" name="verifyErrorMessage_without_Category_Description">
    <skipped/>
  </testcase> <!-- verifyErrorMessage_without_Category_Description -->
</testsuite> <!-- com.tvs.pgm.threew.mobile.tests.SupportTest -->
