<?xml version="1.0" encoding="UTF-8"?>
<!-- Generated by org.testng.reporters.JUnitReportReporter -->
<testsuite hostname="DESKTOP-QMS5772" failures="0" tests="8" name="com.tvs.pgm.threew.mobile.tests.P_HomeTest" time="13.344" errors="0" timestamp="2025-02-19T13:48:24 IST" skipped="0">
  <testcase classname="com.tvs.pgm.threew.mobile.tests.P_HomeTest" name="settingIconpresent" time="1.507"/>
  <testcase classname="com.tvs.pgm.threew.mobile.tests.P_HomeTest" name="profileIconePresent" time="1.046"/>
  <testcase classname="com.tvs.pgm.threew.mobile.tests.P_HomeTest" name="verifyNeedAnyHelpTileVisible" time="2.629"/>
  <testcase classname="com.tvs.pgm.threew.mobile.tests.P_HomeTest" name="verifyFindDealerTileVisible" time="0.917"/>
  <testcase classname="com.tvs.pgm.threew.mobile.tests.P_HomeTest" name="verifyVehicleServicesTileVisible" time="1.029"/>
  <testcase classname="com.tvs.pgm.threew.mobile.tests.P_HomeTest" name="verifyTrainingTileVisible" time="1.744"/>
  <testcase classname="com.tvs.pgm.threew.mobile.tests.P_HomeTest" name="verifyReferralTileVisible" time="1.369"/>
  <testcase classname="com.tvs.pgm.threew.mobile.tests.P_HomeTest" name="verifyHelpButtonClickable" time="3.103"/>
</testsuite> <!-- com.tvs.pgm.threew.mobile.tests.P_HomeTest -->
