<?xml version="1.0" encoding="UTF-8"?>
<!-- Generated by org.testng.reporters.JUnitReportReporter -->
<testsuite hostname="DESKTOP-QMS5772" failures="0" tests="3" name="com.tvs.pgm.threew.mobile.tests.OTPTest" time="14.191" errors="0" timestamp="2025-02-20T17:12:42 IST" skipped="0">
  <testcase classname="com.tvs.pgm.threew.mobile.tests.OTPTest" name="VerifyWithlessThanFiveDigit" time="6.593"/>
  <testcase classname="com.tvs.pgm.threew.mobile.tests.OTPTest" name="verifyOTPEnteredSuccess" time="3.884"/>
  <testcase classname="com.tvs.pgm.threew.mobile.tests.OTPTest" name="VerifyOTPSubmitSuccess" time="3.714"/>
</testsuite> <!-- com.tvs.pgm.threew.mobile.tests.OTPTest -->
