<?xml version="1.0" encoding="UTF-8"?>
<!-- Generated by org.testng.reporters.JUnitReportReporter -->
<testsuite hostname="PiyushRaj-PC" failures="0" tests="8" name="com.tvs.pgm.threew.mobile.tests.P_HomeTest" time="12.286" errors="0" timestamp="2025-02-19T18:06:23 IST" skipped="0">
  <testcase classname="com.tvs.pgm.threew.mobile.tests.P_HomeTest" name="settingIconpresent" time="1.118"/>
  <testcase classname="com.tvs.pgm.threew.mobile.tests.P_HomeTest" name="profileIconePresent" time="2.033"/>
  <testcase classname="com.tvs.pgm.threew.mobile.tests.P_HomeTest" name="verifyNeedAnyHelpTileVisible" time="1.064"/>
  <testcase classname="com.tvs.pgm.threew.mobile.tests.P_HomeTest" name="verifyFindDealerTileVisible" time="1.054"/>
  <testcase classname="com.tvs.pgm.threew.mobile.tests.P_HomeTest" name="verifyVehicleServicesTileVisible" time="1.031"/>
  <testcase classname="com.tvs.pgm.threew.mobile.tests.P_HomeTest" name="verifyTrainingTileVisible" time="1.084"/>
  <testcase classname="com.tvs.pgm.threew.mobile.tests.P_HomeTest" name="verifyReferralTileVisible" time="1.127"/>
  <testcase classname="com.tvs.pgm.threew.mobile.tests.P_HomeTest" name="verifyHelpButtonClickable" time="3.775"/>
</testsuite> <!-- com.tvs.pgm.threew.mobile.tests.P_HomeTest -->
