<?xml version="1.0" encoding="UTF-8"?>
<!-- Generated by org.testng.reporters.JUnitReportReporter -->
<testsuite hostname="PiyushRaj-PC" failures="0" tests="3" name="com.tvs.pgm.threew.mobile.tests.LoginTest" time="3.146" errors="0" timestamp="2025-02-17T11:55:43 IST" skipped="0">
  <testcase classname="com.tvs.pgm.threew.mobile.tests.LoginTest" name="testTextField" time="0.704"/>
  <testcase classname="com.tvs.pgm.threew.mobile.tests.LoginTest" name="clickVerifyNumberButton" time="0.934"/>
  <testcase classname="com.tvs.pgm.threew.mobile.tests.LoginTest" name="enterMob" time="1.508"/>
</testsuite> <!-- com.tvs.pgm.threew.mobile.tests.LoginTest -->
