<?xml version="1.0" encoding="UTF-8"?>
<!-- Generated by org.testng.reporters.JUnitReportReporter -->
<testsuite hostname="PiyushRaj-PC" failures="0" tests="8" name="com.tvs.pgm.threew.mobile.tests.P_HomeTest" time="15.071" errors="0" timestamp="2025-02-19T17:47:11 IST" skipped="0">
  <testcase classname="com.tvs.pgm.threew.mobile.tests.P_HomeTest" name="settingIconpresent" time="3.180"/>
  <testcase classname="com.tvs.pgm.threew.mobile.tests.P_HomeTest" name="profileIconePresent" time="2.529"/>
  <testcase classname="com.tvs.pgm.threew.mobile.tests.P_HomeTest" name="verifyNeedAnyHelpTileVisible" time="1.165"/>
  <testcase classname="com.tvs.pgm.threew.mobile.tests.P_HomeTest" name="verifyFindDealerTileVisible" time="1.035"/>
  <testcase classname="com.tvs.pgm.threew.mobile.tests.P_HomeTest" name="verifyVehicleServicesTileVisible" time="1.054"/>
  <testcase classname="com.tvs.pgm.threew.mobile.tests.P_HomeTest" name="verifyTrainingTileVisible" time="0.973"/>
  <testcase classname="com.tvs.pgm.threew.mobile.tests.P_HomeTest" name="verifyReferralTileVisible" time="0.970"/>
  <testcase classname="com.tvs.pgm.threew.mobile.tests.P_HomeTest" name="verifyHelpButtonClickable" time="4.165"/>
</testsuite> <!-- com.tvs.pgm.threew.mobile.tests.P_HomeTest -->
