<?xml version="1.0" encoding="UTF-8"?>
<!-- Generated by org.testng.reporters.JUnitReportReporter -->
<testsuite hostname="DESKTOP-QMS5772" failures="0" tests="4" name="com.tvs.pgm.threew.mobile.tests.SupportTest" time="21.816" errors="0" timestamp="2025-02-20T17:12:42 IST" skipped="0">
  <testcase classname="com.tvs.pgm.threew.mobile.tests.SupportTest" name="verifyBackArrowVisibleOnSupportScreeen" time="1.320"/>
  <testcase classname="com.tvs.pgm.threew.mobile.tests.SupportTest" name="verifyErrorMesage_Without_TitleAndDescritpion" time="3.532"/>
  <testcase classname="com.tvs.pgm.threew.mobile.tests.SupportTest" name="verifyErrorMessage_without_Category_Description" time="5.235"/>
  <testcase classname="com.tvs.pgm.threew.mobile.tests.SupportTest" name="verifyQueryCreatedSuccessfully" time="11.729"/>
</testsuite> <!-- com.tvs.pgm.threew.mobile.tests.SupportTest -->
