<?xml version="1.0" encoding="UTF-8"?>
<!-- Generated by org.testng.reporters.JUnitReportReporter -->
<testsuite hostname="PiyushRaj-PC" failures="0" tests="3" name="com.tvs.pgm.threew.mobile.tests.OTPTest" time="11.713" errors="0" timestamp="2025-02-19T18:06:23 IST" skipped="0">
  <testcase classname="com.tvs.pgm.threew.mobile.tests.OTPTest" name="VerifyWithlessThanFiveDigit" time="5.723"/>
  <testcase classname="com.tvs.pgm.threew.mobile.tests.OTPTest" name="verifyOTPEnteredSuccess" time="2.990"/>
  <testcase classname="com.tvs.pgm.threew.mobile.tests.OTPTest" name="VerifyOTPSubmitSuccess" time="3.000"/>
</testsuite> <!-- com.tvs.pgm.threew.mobile.tests.OTPTest -->
