<?xml version="1.0" encoding="UTF-8"?>
<!-- Generated by org.testng.reporters.JUnitReportReporter -->
<testsuite hostname="PiyushRaj-PC" failures="0" tests="4" name="com.tvs.pgm.threew.mobile.tests.LoginTest" time="9.705" errors="0" timestamp="2025-02-19T16:21:22 IST" skipped="0">
  <testcase classname="com.tvs.pgm.threew.mobile.tests.LoginTest" name="testTextField" time="1.250"/>
  <testcase classname="com.tvs.pgm.threew.mobile.tests.LoginTest" name="wrongMobileNumber" time="2.985"/>
  <testcase classname="com.tvs.pgm.threew.mobile.tests.LoginTest" name="enterMob" time="2.307"/>
  <testcase classname="com.tvs.pgm.threew.mobile.tests.LoginTest" name="clickVerifyNumberButton" time="3.163"/>
</testsuite> <!-- com.tvs.pgm.threew.mobile.tests.LoginTest -->
