<?xml version="1.0" encoding="UTF-8"?>
<!-- Generated by org.testng.reporters.JUnitReportReporter -->
<testsuite hostname="PiyushRaj-PC" failures="0" tests="4" name="com.tvs.pgm.threew.mobile.tests.SupportTest" time="19.889" errors="0" timestamp="2025-02-19T18:06:23 IST" skipped="0">
  <testcase classname="com.tvs.pgm.threew.mobile.tests.SupportTest" name="verifyBackArrowVisibleOnSupportScreeen" time="1.296"/>
  <testcase classname="com.tvs.pgm.threew.mobile.tests.SupportTest" name="verifyErrorMesage_Without_TitleAndDescritpion" time="3.102"/>
  <testcase classname="com.tvs.pgm.threew.mobile.tests.SupportTest" name="verifyErrorMessage_without_Category_Description" time="4.829"/>
  <testcase classname="com.tvs.pgm.threew.mobile.tests.SupportTest" name="verifyQueryCreatedSuccessfully" time="10.662"/>
</testsuite> <!-- com.tvs.pgm.threew.mobile.tests.SupportTest -->
