<?xml version="1.0" encoding="UTF-8"?>
<!-- Generated by org.testng.reporters.JUnitReportReporter -->
<testsuite hostname="PiyushRaj-PC" failures="0" tests="8" name="com.tvs.pgm.threew.mobile.tests.P_HomeTest" time="12.651" errors="0" timestamp="2025-02-19T16:21:22 IST" skipped="0">
  <testcase classname="com.tvs.pgm.threew.mobile.tests.P_HomeTest" name="settingIconpresent" time="1.183"/>
  <testcase classname="com.tvs.pgm.threew.mobile.tests.P_HomeTest" name="profileIconePresent" time="1.865"/>
  <testcase classname="com.tvs.pgm.threew.mobile.tests.P_HomeTest" name="verifyNeedAnyHelpTileVisible" time="1.177"/>
  <testcase classname="com.tvs.pgm.threew.mobile.tests.P_HomeTest" name="verifyFindDealerTileVisible" time="0.935"/>
  <testcase classname="com.tvs.pgm.threew.mobile.tests.P_HomeTest" name="verifyVehicleServicesTileVisible" time="1.175"/>
  <testcase classname="com.tvs.pgm.threew.mobile.tests.P_HomeTest" name="verifyTrainingTileVisible" time="1.489"/>
  <testcase classname="com.tvs.pgm.threew.mobile.tests.P_HomeTest" name="verifyReferralTileVisible" time="0.924"/>
  <testcase classname="com.tvs.pgm.threew.mobile.tests.P_HomeTest" name="verifyHelpButtonClickable" time="3.903"/>
</testsuite> <!-- com.tvs.pgm.threew.mobile.tests.P_HomeTest -->
