<?xml version="1.0" encoding="UTF-8"?>
<!-- Generated by org.testng.reporters.JUnitReportReporter -->
<testsuite hostname="DESKTOP-QMS5772" failures="0" tests="8" name="com.tvs.pgm.threew.mobile.tests.XHomeTest" time="2.633" errors="0" timestamp="2025-02-18T18:19:37 IST" skipped="0">
  <testcase classname="com.tvs.pgm.threew.mobile.tests.XHomeTest" name="settingIconpresent" time="1.591"/>
  <testcase classname="com.tvs.pgm.threew.mobile.tests.XHomeTest" name="profileIconePresent" time="0.146"/>
  <testcase classname="com.tvs.pgm.threew.mobile.tests.XHomeTest" name="verifyNeedAnyHelpTileVisible" time="0.146"/>
  <testcase classname="com.tvs.pgm.threew.mobile.tests.XHomeTest" name="verifyFindDealerTileVisible" time="0.154"/>
  <testcase classname="com.tvs.pgm.threew.mobile.tests.XHomeTest" name="verifyVehicleServicesTileVisible" time="0.133"/>
  <testcase classname="com.tvs.pgm.threew.mobile.tests.XHomeTest" name="verifyTrainingTileVisible" time="0.149"/>
  <testcase classname="com.tvs.pgm.threew.mobile.tests.XHomeTest" name="verifyReferralTile" time="0.146"/>
  <testcase classname="com.tvs.pgm.threew.mobile.tests.XHomeTest" name="verifyHelpButtonClicks" time="0.168"/>
</testsuite> <!-- com.tvs.pgm.threew.mobile.tests.XHomeTest -->
