<?xml version="1.0" encoding="UTF-8"?>
<!-- Generated by org.testng.reporters.JUnitReportReporter -->
<testsuite hostname="DESKTOP-QMS5772" failures="0" tests="1" name="com.tvs.pgm.threew.mobile.tests.Q_SupportListingTest" time="1.374" errors="0" timestamp="2025-02-19T13:48:24 IST" skipped="0">
  <testcase classname="com.tvs.pgm.threew.mobile.tests.Q_SupportListingTest" name="verifyCreateQueryButtonClicksON_SupportListingScreen" time="1.374"/>
</testsuite> <!-- com.tvs.pgm.threew.mobile.tests.Q_SupportListingTest -->
